<?xml version="1.0" encoding="UTF-8"?>
<testng-results ignored="0" total="1" passed="1" failed="0" skipped="0">
  <reporter-output>
  </reporter-output>
  <suite started-at="2022-09-28T16:03:31 IST" name="Default suite" finished-at="2022-09-28T16:03:54 IST" duration-ms="23228">
    <groups>
    </groups>
    <test started-at="2022-09-28T16:03:31 IST" name="Default test" finished-at="2022-09-28T16:03:54 IST" duration-ms="23228">
      <class name="Test.IMDBTest">
        <test-method is-config="true" signature="openBrowser()[pri:0, instance:Test.IMDBTest@402bba4f]" started-at="2022-09-28T16:03:31 IST" name="openBrowser" finished-at="2022-09-28T16:03:43 IST" duration-ms="11721" status="PASS">
          <reporter-output>
          </reporter-output>
        </test-method> <!-- openBrowser -->
        <test-method signature="movie()[pri:0, instance:Test.IMDBTest@402bba4f]" started-at="2022-09-28T16:03:43 IST" name="movie" finished-at="2022-09-28T16:03:52 IST" duration-ms="8876" status="PASS">
          <reporter-output>
          </reporter-output>
        </test-method> <!-- movie -->
        <test-method is-config="true" signature="driverClose()[pri:0, instance:Test.IMDBTest@402bba4f]" started-at="2022-09-28T16:03:52 IST" name="driverClose" finished-at="2022-09-28T16:03:54 IST" duration-ms="2567" status="PASS">
          <reporter-output>
          </reporter-output>
        </test-method> <!-- driverClose -->
      </class> <!-- Test.IMDBTest -->
    </test> <!-- Default test -->
  </suite> <!-- Default suite -->
</testng-results>
